<?xml version="1.0" encoding="UTF-8"?>
<robot generator="Robot 4.0 (Python 3.9.2 on darwin)" generated="20210405 16:06:40.012" rpa="false" schemaversion="2">
<suite id="s1" name="Amazon" source="/Users/andy/code/git-demo/Tests/Amazon.robot">
<test id="s1-t1" name="Logged out user can search for products">
<kw name="Open Browser to Amazon" library="Amazon">
<kw name="Open browser to Amazon" library="Welcome">
<kw name="Open Browser" library="SeleniumLibrary">
<arg>http://www.amazon.com</arg>
<doc>Opens a new browser instance to the optional ``url``.</doc>
<msg timestamp="20210405 16:06:40.281" level="INFO">Opening browser 'firefox' to base url 'http://www.amazon.com'.</msg>
<msg timestamp="20210405 16:06:40.282" level="INFO">Firefox driver log is always forced to to: /Users/andy/code/git-demo/Results/geckodriver-91.log</msg>
<status status="PASS" starttime="20210405 16:06:40.280" endtime="20210405 16:06:48.395"/>
</kw>
<kw name="Maximize Browser Window" library="SeleniumLibrary">
<doc>Maximizes current browser window.</doc>
<status status="PASS" starttime="20210405 16:06:48.396" endtime="20210405 16:06:48.900"/>
</kw>
<status status="PASS" starttime="20210405 16:06:40.280" endtime="20210405 16:06:48.900"/>
</kw>
<status status="PASS" starttime="20210405 16:06:40.280" endtime="20210405 16:06:48.900"/>
</kw>
<kw name="Search for a Product while Logged Out" library="Amazon">
<kw name="Search for a Product while Logged Out" library="Welcome">
<kw name="Log" library="BuiltIn">
<arg>"Search for a Product while Logged Out"</arg>
<doc>Logs the given message with the given level.</doc>
<msg timestamp="20210405 16:06:48.902" level="INFO">"Search for a Product while Logged Out"</msg>
<status status="PASS" starttime="20210405 16:06:48.902" endtime="20210405 16:06:48.902"/>
</kw>
<status status="PASS" starttime="20210405 16:06:48.902" endtime="20210405 16:06:48.903"/>
</kw>
<status status="PASS" starttime="20210405 16:06:48.901" endtime="20210405 16:06:48.903"/>
</kw>
<kw name="Close Browser to Amazon" library="Amazon">
<kw name="Close Browser and Clean" library="Welcome">
<kw name="Close All Browsers" library="SeleniumLibrary">
<doc>Closes all open browsers and resets the browser cache.</doc>
<status status="PASS" starttime="20210405 16:06:48.904" endtime="20210405 16:06:49.454"/>
</kw>
<status status="PASS" starttime="20210405 16:06:48.903" endtime="20210405 16:06:49.454"/>
</kw>
<status status="PASS" starttime="20210405 16:06:48.903" endtime="20210405 16:06:49.454"/>
</kw>
<tag>Products</tag>
<tag>Smoke</tag>
<status status="PASS" starttime="20210405 16:06:40.279" endtime="20210405 16:06:49.455"/>
</test>
<test id="s1-t2" name="Logged out user can search for chocolate">
<kw name="Open Browser to Amazon" library="Amazon">
<kw name="Open browser to Amazon" library="Welcome">
<kw name="Open Browser" library="SeleniumLibrary">
<arg>http://www.amazon.com</arg>
<doc>Opens a new browser instance to the optional ``url``.</doc>
<msg timestamp="20210405 16:06:49.458" level="INFO">Opening browser 'firefox' to base url 'http://www.amazon.com'.</msg>
<msg timestamp="20210405 16:06:49.459" level="INFO">Firefox driver log is always forced to to: /Users/andy/code/git-demo/Results/geckodriver-92.log</msg>
<status status="PASS" starttime="20210405 16:06:49.458" endtime="20210405 16:06:54.986"/>
</kw>
<kw name="Maximize Browser Window" library="SeleniumLibrary">
<doc>Maximizes current browser window.</doc>
<status status="PASS" starttime="20210405 16:06:54.986" endtime="20210405 16:06:55.482"/>
</kw>
<status status="PASS" starttime="20210405 16:06:49.457" endtime="20210405 16:06:55.483"/>
</kw>
<status status="PASS" starttime="20210405 16:06:49.457" endtime="20210405 16:06:55.483"/>
</kw>
<kw name="Search for Chocolate While Logged Out" library="Amazon">
<kw name="Search for Chocolate While Logged Out" library="Welcome">
<kw name="Set Selenium Implicit Wait" library="SeleniumLibrary">
<arg>3</arg>
<doc>Sets the implicit wait value used by Selenium.</doc>
<status status="PASS" starttime="20210405 16:06:55.484" endtime="20210405 16:06:55.487"/>
</kw>
<kw name="Input Text" library="SeleniumLibrary">
<arg>xpath://input[@id="twotabsearchtextbox"]</arg>
<arg>chocolate</arg>
<doc>Types the given ``text`` into the text field identified by ``locator``.</doc>
<msg timestamp="20210405 16:06:55.488" level="INFO">Typing text 'chocolate' into text field 'xpath://input[@id="twotabsearchtextbox"]'.</msg>
<status status="PASS" starttime="20210405 16:06:55.487" endtime="20210405 16:06:55.525"/>
</kw>
<status status="PASS" starttime="20210405 16:06:55.484" endtime="20210405 16:06:55.525"/>
</kw>
<status status="PASS" starttime="20210405 16:06:55.483" endtime="20210405 16:06:55.526"/>
</kw>
<kw name="Press the Search Button" library="Amazon">
<kw name="Press the Search Button" library="Welcome">
<kw name="Set Selenium Implicit Wait" library="SeleniumLibrary">
<arg>3</arg>
<doc>Sets the implicit wait value used by Selenium.</doc>
<status status="PASS" starttime="20210405 16:06:55.527" endtime="20210405 16:06:55.530"/>
</kw>
<kw name="Click Element" library="SeleniumLibrary">
<arg>xpath://input[@id="nav-search-submit-button"]</arg>
<doc>Click the element identified by ``locator``.</doc>
<msg timestamp="20210405 16:06:55.530" level="INFO">Clicking element 'xpath://input[@id="nav-search-submit-button"]'.</msg>
<status status="PASS" starttime="20210405 16:06:55.530" endtime="20210405 16:06:58.701"/>
</kw>
<status status="PASS" starttime="20210405 16:06:55.527" endtime="20210405 16:06:58.701"/>
</kw>
<status status="PASS" starttime="20210405 16:06:55.526" endtime="20210405 16:06:58.702"/>
</kw>
<kw name="Verify in Amazon Searched Chocolate" library="Amazon">
<kw name="Verify in Amazon Searched Chocolate" library="Welcome">
<kw name="Set Selenium Implicit Wait" library="SeleniumLibrary">
<arg>3</arg>
<doc>Sets the implicit wait value used by Selenium.</doc>
<status status="PASS" starttime="20210405 16:06:58.702" endtime="20210405 16:06:58.705"/>
</kw>
<kw name="Get Text" library="SeleniumLibrary">
<var>${text_from_span}</var>
<arg>css:.a-color-state</arg>
<doc>Returns the text value of the element identified by ``locator``.</doc>
<msg timestamp="20210405 16:06:58.788" level="INFO">${text_from_span} = "chocolate"</msg>
<status status="PASS" starttime="20210405 16:06:58.705" endtime="20210405 16:06:58.788"/>
</kw>
<kw name="Log" library="BuiltIn">
<arg>${text_from_span}</arg>
<doc>Logs the given message with the given level.</doc>
<msg timestamp="20210405 16:06:58.789" level="INFO">"chocolate"</msg>
<status status="PASS" starttime="20210405 16:06:58.788" endtime="20210405 16:06:58.789"/>
</kw>
<kw name="Should Be Equal As Strings" library="BuiltIn">
<arg>"chocolat1"</arg>
<arg>${text_from_span}</arg>
<doc>Fails if objects are unequal after converting them to strings.</doc>
<msg timestamp="20210405 16:06:58.789" level="FAIL">"chocolat1" != "chocolate"</msg>
<status status="FAIL" starttime="20210405 16:06:58.789" endtime="20210405 16:06:58.789"/>
</kw>
<status status="FAIL" starttime="20210405 16:06:58.702" endtime="20210405 16:06:58.790"/>
</kw>
<status status="FAIL" starttime="20210405 16:06:58.702" endtime="20210405 16:06:58.790"/>
</kw>
<kw name="Close Browser to Amazon" library="Amazon">
<status status="NOT RUN" starttime="20210405 16:06:58.790" endtime="20210405 16:06:58.790"/>
</kw>
<tag>Products</tag>
<tag>Smoke</tag>
<status status="FAIL" starttime="20210405 16:06:49.456" endtime="20210405 16:06:58.790">"chocolat1" != "chocolate"</status>
</test>
<test id="s1-t3" name="Logged out user can view a product">
<kw name="Open Browser to Amazon" library="Amazon">
<kw name="Open browser to Amazon" library="Welcome">
<kw name="Open Browser" library="SeleniumLibrary">
<arg>http://www.amazon.com</arg>
<doc>Opens a new browser instance to the optional ``url``.</doc>
<msg timestamp="20210405 16:06:58.795" level="INFO">Opening browser 'firefox' to base url 'http://www.amazon.com'.</msg>
<msg timestamp="20210405 16:06:58.796" level="INFO">Firefox driver log is always forced to to: /Users/andy/code/git-demo/Results/geckodriver-93.log</msg>
<status status="PASS" starttime="20210405 16:06:58.795" endtime="20210405 16:07:04.194"/>
</kw>
<kw name="Maximize Browser Window" library="SeleniumLibrary">
<doc>Maximizes current browser window.</doc>
<status status="PASS" starttime="20210405 16:07:04.195" endtime="20210405 16:07:04.667"/>
</kw>
<status status="PASS" starttime="20210405 16:06:58.794" endtime="20210405 16:07:04.668"/>
</kw>
<status status="PASS" starttime="20210405 16:06:58.793" endtime="20210405 16:07:04.668"/>
</kw>
<kw name="View a Product" library="Amazon">
<kw name="View a Product Detail" library="Welcome">
<kw name="Log" library="BuiltIn">
<arg>"View a Product Detail"</arg>
<doc>Logs the given message with the given level.</doc>
<msg timestamp="20210405 16:07:04.670" level="INFO">"View a Product Detail"</msg>
<status status="PASS" starttime="20210405 16:07:04.670" endtime="20210405 16:07:04.670"/>
</kw>
<status status="PASS" starttime="20210405 16:07:04.669" endtime="20210405 16:07:04.670"/>
</kw>
<status status="PASS" starttime="20210405 16:07:04.669" endtime="20210405 16:07:04.670"/>
</kw>
<kw name="Close Browser to Amazon" library="Amazon">
<kw name="Close Browser and Clean" library="Welcome">
<kw name="Close All Browsers" library="SeleniumLibrary">
<doc>Closes all open browsers and resets the browser cache.</doc>
<status status="PASS" starttime="20210405 16:07:04.671" endtime="20210405 16:07:05.831"/>
</kw>
<status status="PASS" starttime="20210405 16:07:04.671" endtime="20210405 16:07:05.831"/>
</kw>
<status status="PASS" starttime="20210405 16:07:04.670" endtime="20210405 16:07:05.832"/>
</kw>
<tag>Smoke</tag>
<status status="PASS" starttime="20210405 16:06:58.791" endtime="20210405 16:07:05.832"/>
</test>
<status status="FAIL" starttime="20210405 16:06:40.014" endtime="20210405 16:07:05.835"/>
</suite>
<statistics>
<total>
<stat pass="2" fail="1" skip="0">All Tests</stat>
</total>
<tag>
<stat pass="1" fail="1" skip="0">Products</stat>
<stat pass="2" fail="1" skip="0">Smoke</stat>
</tag>
<suite>
<stat pass="2" fail="1" skip="0" id="s1" name="Amazon">Amazon</stat>
</suite>
</statistics>
<errors>
</errors>
</robot>
