<?xml version="1.0" encoding="UTF-8"?>
<robot generator="Robot 4.0 (Python 3.9.2 on darwin)" generated="20210404 00:24:22.069" rpa="false" schemaversion="2">
<suite id="s1" name="Amazon" source="/Users/andy/code/git-demo/tests/amazon.robot">
<test id="s1-t1" name="Logged out user can search for products">
<kw name="Open Browser to Amazon" library="Amazon">
<kw name="Open browser to Amazon" library="Welcome">
<kw name="Open Browser" library="SeleniumLibrary">
<arg>http://www.amazon.com</arg>
<doc>Opens a new browser instance to the optional ``url``.</doc>
<msg timestamp="20210404 00:24:22.243" level="INFO">Opening browser 'firefox' to base url 'http://www.amazon.com'.</msg>
<msg timestamp="20210404 00:24:22.244" level="INFO">Firefox driver log is always forced to to: /Users/andy/code/git-demo/results/geckodriver-85.log</msg>
<status status="PASS" starttime="20210404 00:24:22.242" endtime="20210404 00:24:27.671"/>
</kw>
<kw name="Maximize Browser Window" library="SeleniumLibrary">
<doc>Maximizes current browser window.</doc>
<status status="PASS" starttime="20210404 00:24:27.671" endtime="20210404 00:24:28.165"/>
</kw>
<status status="PASS" starttime="20210404 00:24:22.242" endtime="20210404 00:24:28.166"/>
</kw>
<status status="PASS" starttime="20210404 00:24:22.242" endtime="20210404 00:24:28.166"/>
</kw>
<kw name="Search for a Product while Logged Out" library="Amazon">
<kw name="Search for a Product while Logged Out" library="Welcome">
<kw name="Log" library="BuiltIn">
<arg>"Search for a Product while Logged Out"</arg>
<doc>Logs the given message with the given level.</doc>
<msg timestamp="20210404 00:24:28.168" level="INFO">"Search for a Product while Logged Out"</msg>
<status status="PASS" starttime="20210404 00:24:28.167" endtime="20210404 00:24:28.168"/>
</kw>
<status status="PASS" starttime="20210404 00:24:28.167" endtime="20210404 00:24:28.168"/>
</kw>
<status status="PASS" starttime="20210404 00:24:28.166" endtime="20210404 00:24:28.168"/>
</kw>
<kw name="Close Browser to Amazon" library="Amazon">
<kw name="Close Browser and Clean" library="Welcome">
<kw name="Close All Browsers" library="SeleniumLibrary">
<doc>Closes all open browsers and resets the browser cache.</doc>
<status status="PASS" starttime="20210404 00:24:28.169" endtime="20210404 00:24:28.704"/>
</kw>
<status status="PASS" starttime="20210404 00:24:28.169" endtime="20210404 00:24:28.704"/>
</kw>
<status status="PASS" starttime="20210404 00:24:28.168" endtime="20210404 00:24:28.705"/>
</kw>
<tag>Products</tag>
<tag>Smoke</tag>
<status status="PASS" starttime="20210404 00:24:22.241" endtime="20210404 00:24:28.705"/>
</test>
<test id="s1-t2" name="Logged out user can search for chocolate">
<kw name="Open Browser to Amazon" library="Amazon">
<kw name="Open browser to Amazon" library="Welcome">
<kw name="Open Browser" library="SeleniumLibrary">
<arg>http://www.amazon.com</arg>
<doc>Opens a new browser instance to the optional ``url``.</doc>
<msg timestamp="20210404 00:24:28.708" level="INFO">Opening browser 'firefox' to base url 'http://www.amazon.com'.</msg>
<msg timestamp="20210404 00:24:28.710" level="INFO">Firefox driver log is always forced to to: /Users/andy/code/git-demo/results/geckodriver-86.log</msg>
<status status="PASS" starttime="20210404 00:24:28.707" endtime="20210404 00:24:34.482"/>
</kw>
<kw name="Maximize Browser Window" library="SeleniumLibrary">
<doc>Maximizes current browser window.</doc>
<status status="PASS" starttime="20210404 00:24:34.482" endtime="20210404 00:24:34.967"/>
</kw>
<status status="PASS" starttime="20210404 00:24:28.707" endtime="20210404 00:24:34.967"/>
</kw>
<status status="PASS" starttime="20210404 00:24:28.706" endtime="20210404 00:24:34.967"/>
</kw>
<kw name="Search for Chocolate While Logged Out" library="Amazon">
<kw name="Search for Chocolate While Logged Out" library="Welcome">
<kw name="Set Selenium Implicit Wait" library="SeleniumLibrary">
<arg>3</arg>
<doc>Sets the implicit wait value used by Selenium.</doc>
<status status="PASS" starttime="20210404 00:24:34.969" endtime="20210404 00:24:34.971"/>
</kw>
<kw name="Input Text" library="SeleniumLibrary">
<arg>xpath://input[@id="twotabsearchtextbox"]</arg>
<arg>chocolate</arg>
<doc>Types the given ``text`` into the text field identified by ``locator``.</doc>
<msg timestamp="20210404 00:24:34.972" level="INFO">Typing text 'chocolate' into text field 'xpath://input[@id="twotabsearchtextbox"]'.</msg>
<status status="PASS" starttime="20210404 00:24:34.971" endtime="20210404 00:24:35.014"/>
</kw>
<status status="PASS" starttime="20210404 00:24:34.968" endtime="20210404 00:24:35.014"/>
</kw>
<status status="PASS" starttime="20210404 00:24:34.968" endtime="20210404 00:24:35.014"/>
</kw>
<kw name="Press the Search Button" library="Amazon">
<kw name="Press the Search Button" library="Welcome">
<kw name="Set Selenium Implicit Wait" library="SeleniumLibrary">
<arg>3</arg>
<doc>Sets the implicit wait value used by Selenium.</doc>
<status status="PASS" starttime="20210404 00:24:35.016" endtime="20210404 00:24:35.019"/>
</kw>
<kw name="Click Element" library="SeleniumLibrary">
<arg>xpath://input[@id="nav-search-submit-button"]</arg>
<doc>Click the element identified by ``locator``.</doc>
<msg timestamp="20210404 00:24:35.020" level="INFO">Clicking element 'xpath://input[@id="nav-search-submit-button"]'.</msg>
<status status="PASS" starttime="20210404 00:24:35.020" endtime="20210404 00:24:37.935"/>
</kw>
<status status="PASS" starttime="20210404 00:24:35.015" endtime="20210404 00:24:37.936"/>
</kw>
<status status="PASS" starttime="20210404 00:24:35.015" endtime="20210404 00:24:37.936"/>
</kw>
<kw name="Verify in Amazon Searched Chocolate" library="Amazon">
<kw name="Verify in Amazon Searched Chocolate" library="Welcome">
<kw name="Set Selenium Implicit Wait" library="SeleniumLibrary">
<arg>3</arg>
<doc>Sets the implicit wait value used by Selenium.</doc>
<status status="PASS" starttime="20210404 00:24:37.937" endtime="20210404 00:24:37.939"/>
</kw>
<kw name="Get Text" library="SeleniumLibrary">
<var>${text_from_span}</var>
<arg>css:.a-color-state</arg>
<doc>Returns the text value of the element identified by ``locator``.</doc>
<msg timestamp="20210404 00:24:37.994" level="INFO">${text_from_span} = "chocolate"</msg>
<status status="PASS" starttime="20210404 00:24:37.939" endtime="20210404 00:24:37.995"/>
</kw>
<kw name="Log" library="BuiltIn">
<arg>${text_from_span}</arg>
<doc>Logs the given message with the given level.</doc>
<msg timestamp="20210404 00:24:37.995" level="INFO">"chocolate"</msg>
<status status="PASS" starttime="20210404 00:24:37.995" endtime="20210404 00:24:37.995"/>
</kw>
<kw name="Should Be Equal As Strings" library="BuiltIn">
<arg>"chocolate"</arg>
<arg>${text_from_span}</arg>
<doc>Fails if objects are unequal after converting them to strings.</doc>
<status status="PASS" starttime="20210404 00:24:37.995" endtime="20210404 00:24:37.996"/>
</kw>
<status status="PASS" starttime="20210404 00:24:37.936" endtime="20210404 00:24:37.996"/>
</kw>
<status status="PASS" starttime="20210404 00:24:37.936" endtime="20210404 00:24:37.996"/>
</kw>
<kw name="Close Browser to Amazon" library="Amazon">
<kw name="Close Browser and Clean" library="Welcome">
<kw name="Close All Browsers" library="SeleniumLibrary">
<doc>Closes all open browsers and resets the browser cache.</doc>
<status status="PASS" starttime="20210404 00:24:37.998" endtime="20210404 00:24:38.595"/>
</kw>
<status status="PASS" starttime="20210404 00:24:37.998" endtime="20210404 00:24:38.595"/>
</kw>
<status status="PASS" starttime="20210404 00:24:37.997" endtime="20210404 00:24:38.595"/>
</kw>
<tag>Products</tag>
<tag>Smoke</tag>
<status status="PASS" starttime="20210404 00:24:28.706" endtime="20210404 00:24:38.595"/>
</test>
<test id="s1-t3" name="Logged out user can view a product">
<kw name="Open Browser to Amazon" library="Amazon">
<kw name="Open browser to Amazon" library="Welcome">
<kw name="Open Browser" library="SeleniumLibrary">
<arg>http://www.amazon.com</arg>
<doc>Opens a new browser instance to the optional ``url``.</doc>
<msg timestamp="20210404 00:24:38.598" level="INFO">Opening browser 'firefox' to base url 'http://www.amazon.com'.</msg>
<msg timestamp="20210404 00:24:38.599" level="INFO">Firefox driver log is always forced to to: /Users/andy/code/git-demo/results/geckodriver-87.log</msg>
<status status="PASS" starttime="20210404 00:24:38.597" endtime="20210404 00:24:43.728"/>
</kw>
<kw name="Maximize Browser Window" library="SeleniumLibrary">
<doc>Maximizes current browser window.</doc>
<status status="PASS" starttime="20210404 00:24:43.728" endtime="20210404 00:24:44.219"/>
</kw>
<status status="PASS" starttime="20210404 00:24:38.597" endtime="20210404 00:24:44.220"/>
</kw>
<status status="PASS" starttime="20210404 00:24:38.597" endtime="20210404 00:24:44.220"/>
</kw>
<kw name="View a Product" library="Amazon">
<kw name="View a Product Detail" library="Welcome">
<kw name="Log" library="BuiltIn">
<arg>"View a Product Detail"</arg>
<doc>Logs the given message with the given level.</doc>
<msg timestamp="20210404 00:24:44.222" level="INFO">"View a Product Detail"</msg>
<status status="PASS" starttime="20210404 00:24:44.221" endtime="20210404 00:24:44.222"/>
</kw>
<status status="PASS" starttime="20210404 00:24:44.221" endtime="20210404 00:24:44.222"/>
</kw>
<status status="PASS" starttime="20210404 00:24:44.220" endtime="20210404 00:24:44.222"/>
</kw>
<kw name="Close Browser to Amazon" library="Amazon">
<kw name="Close Browser and Clean" library="Welcome">
<kw name="Close All Browsers" library="SeleniumLibrary">
<doc>Closes all open browsers and resets the browser cache.</doc>
<status status="PASS" starttime="20210404 00:24:44.224" endtime="20210404 00:24:44.757"/>
</kw>
<status status="PASS" starttime="20210404 00:24:44.223" endtime="20210404 00:24:44.757"/>
</kw>
<status status="PASS" starttime="20210404 00:24:44.223" endtime="20210404 00:24:44.758"/>
</kw>
<tag>Smoke</tag>
<status status="PASS" starttime="20210404 00:24:38.596" endtime="20210404 00:24:44.758"/>
</test>
<status status="PASS" starttime="20210404 00:24:22.071" endtime="20210404 00:24:44.759"/>
</suite>
<statistics>
<total>
<stat pass="3" fail="0" skip="0">All Tests</stat>
</total>
<tag>
<stat pass="2" fail="0" skip="0">Products</stat>
<stat pass="3" fail="0" skip="0">Smoke</stat>
</tag>
<suite>
<stat pass="3" fail="0" skip="0" id="s1" name="Amazon">Amazon</stat>
</suite>
</statistics>
<errors>
</errors>
</robot>
