<?xml version="1.0" encoding="UTF-8"?>
<robot generator="Robot 4.0 (Python 3.9.2 on darwin)" generated="20210405 16:03:16.192" rpa="false" schemaversion="2">
<suite id="s1" name="Amazon" source="/Users/andy/code/git-demo/Tests/Amazon.robot">
<test id="s1-t1" name="Logged out user can search for products">
<kw name="Open Browser to Amazon" library="Amazon">
<kw name="Open browser to Amazon" library="Welcome">
<kw name="Open Browser" library="SeleniumLibrary">
<arg>http://www.amazon.com</arg>
<doc>Opens a new browser instance to the optional ``url``.</doc>
<msg timestamp="20210405 16:03:16.477" level="INFO">Opening browser 'firefox' to base url 'http://www.amazon.com'.</msg>
<msg timestamp="20210405 16:03:16.479" level="INFO">Firefox driver log is always forced to to: /Users/andy/code/git-demo/geckodriver-1.log</msg>
<kw name="Capture Page Screenshot" library="SeleniumLibrary">
<doc>Takes a screenshot of the current page and embeds it into a log file.</doc>
<status status="FAIL" starttime="20210405 16:03:16.939" endtime="20210405 16:03:16.940"/>
</kw>
<msg timestamp="20210405 16:03:16.940" level="WARN">Keyword 'Capture Page Screenshot' could not be run on failure: Execution terminated by signal</msg>
<status status="FAIL" starttime="20210405 16:03:16.477" endtime="20210405 16:03:16.940"/>
</kw>
<kw name="Maximize Browser Window" library="SeleniumLibrary">
<doc>Maximizes current browser window.</doc>
<status status="NOT RUN" starttime="20210405 16:03:16.941" endtime="20210405 16:03:16.941"/>
</kw>
<status status="FAIL" starttime="20210405 16:03:16.476" endtime="20210405 16:03:16.941"/>
</kw>
<status status="FAIL" starttime="20210405 16:03:16.476" endtime="20210405 16:03:16.942"/>
</kw>
<kw name="Search for a Product while Logged Out" library="Amazon">
<status status="NOT RUN" starttime="20210405 16:03:16.942" endtime="20210405 16:03:16.942"/>
</kw>
<kw name="Close Browser to Amazon" library="Amazon">
<status status="NOT RUN" starttime="20210405 16:03:16.942" endtime="20210405 16:03:16.942"/>
</kw>
<tag>Products</tag>
<tag>Smoke</tag>
<status status="FAIL" starttime="20210405 16:03:16.475" endtime="20210405 16:03:16.943">Execution terminated by signal</status>
</test>
<test id="s1-t2" name="Logged out user can search for chocolate">
<tag>Products</tag>
<tag>robot:exit</tag>
<tag>Smoke</tag>
<status status="FAIL" starttime="20210405 16:03:16.943" endtime="20210405 16:03:16.944">Test execution stopped due to a fatal error.</status>
</test>
<test id="s1-t3" name="Logged out user can view a product">
<tag>robot:exit</tag>
<tag>Smoke</tag>
<status status="FAIL" starttime="20210405 16:03:16.945" endtime="20210405 16:03:16.945">Test execution stopped due to a fatal error.</status>
</test>
<status status="FAIL" starttime="20210405 16:03:16.193" endtime="20210405 16:03:16.946"/>
</suite>
<statistics>
<total>
<stat pass="0" fail="3" skip="0">All Tests</stat>
</total>
<tag>
<stat pass="0" fail="1" skip="0" info="combined" combined="NOT robot:exit">NOT robot:exit</stat>
<stat pass="0" fail="2" skip="0">Products</stat>
<stat pass="0" fail="2" skip="0">robot:exit</stat>
<stat pass="0" fail="3" skip="0">Smoke</stat>
</tag>
<suite>
<stat pass="0" fail="3" skip="0" id="s1" name="Amazon">Amazon</stat>
</suite>
</statistics>
<errors>
<msg timestamp="20210405 16:03:16.940" level="WARN">Keyword 'Capture Page Screenshot' could not be run on failure: Execution terminated by signal</msg>
</errors>
</robot>
